running egg_info
creating ../../build/rangefinder_pkg/rangefinder_pkg.egg-info
writing ../../build/rangefinder_pkg/rangefinder_pkg.egg-info/PKG-INFO
writing dependency_links to ../../build/rangefinder_pkg/rangefinder_pkg.egg-info/dependency_links.txt
writing entry points to ../../build/rangefinder_pkg/rangefinder_pkg.egg-info/entry_points.txt
writing requirements to ../../build/rangefinder_pkg/rangefinder_pkg.egg-info/requires.txt
writing top-level names to ../../build/rangefinder_pkg/rangefinder_pkg.egg-info/top_level.txt
writing manifest file '../../build/rangefinder_pkg/rangefinder_pkg.egg-info/SOURCES.txt'
reading manifest file '../../build/rangefinder_pkg/rangefinder_pkg.egg-info/SOURCES.txt'
writing manifest file '../../build/rangefinder_pkg/rangefinder_pkg.egg-info/SOURCES.txt'
running build
running build_py
creating /home/dronedev/lidar_ws/build/rangefinder_pkg/build
creating /home/dronedev/lidar_ws/build/rangefinder_pkg/build/lib
creating /home/dronedev/lidar_ws/build/rangefinder_pkg/build/lib/rangefinder_pkg
copying rangefinder_pkg/rangefinder_sdk.py -> /home/dronedev/lidar_ws/build/rangefinder_pkg/build/lib/rangefinder_pkg
copying rangefinder_pkg/__init__.py -> /home/dronedev/lidar_ws/build/rangefinder_pkg/build/lib/rangefinder_pkg
running install
running install_lib
creating /home/dronedev/lidar_ws/install/rangefinder_pkg/lib/python3.10/site-packages/rangefinder_pkg
copying /home/dronedev/lidar_ws/build/rangefinder_pkg/build/lib/rangefinder_pkg/rangefinder_sdk.py -> /home/dronedev/lidar_ws/install/rangefinder_pkg/lib/python3.10/site-packages/rangefinder_pkg
copying /home/dronedev/lidar_ws/build/rangefinder_pkg/build/lib/rangefinder_pkg/__init__.py -> /home/dronedev/lidar_ws/install/rangefinder_pkg/lib/python3.10/site-packages/rangefinder_pkg
byte-compiling /home/dronedev/lidar_ws/install/rangefinder_pkg/lib/python3.10/site-packages/rangefinder_pkg/rangefinder_sdk.py to rangefinder_sdk.cpython-310.pyc
byte-compiling /home/dronedev/lidar_ws/install/rangefinder_pkg/lib/python3.10/site-packages/rangefinder_pkg/__init__.py to __init__.cpython-310.pyc
running install_data
copying package.xml -> /home/dronedev/lidar_ws/install/rangefinder_pkg/share/rangefinder_pkg
creating /home/dronedev/lidar_ws/install/rangefinder_pkg/share/rangefinder_pkg/launch
error: can't copy 'launch/lidar_driver_launch.py': doesn't exist or not a regular file
