[0.830s] Invoking command in '/home/dronedev/lidar_ws/src/rangefinder_pkg': PYTHONPATH=/home/dronedev/lidar_ws/build/rangefinder_pkg/prefix_override:/usr/lib/python3/dist-packages/colcon_core/task/python/colcon_distutils_commands:/home/dronedev/lidar_ws/install/rangefinder_pkg/lib/python3.10/site-packages:${PYTHONPATH} /usr/bin/python3 -W ignore:setup.py install is deprecated -W ignore:easy_install command is deprecated setup.py egg_info --egg-base ../../build/rangefinder_pkg build --build-base /home/dronedev/lidar_ws/build/rangefinder_pkg/build install --record /home/dronedev/lidar_ws/build/rangefinder_pkg/install.log --single-version-externally-managed install_data
[1.139s] running egg_info
[1.140s] creating ../../build/rangefinder_pkg/rangefinder_pkg.egg-info
[1.152s] writing ../../build/rangefinder_pkg/rangefinder_pkg.egg-info/PKG-INFO
[1.153s] writing dependency_links to ../../build/rangefinder_pkg/rangefinder_pkg.egg-info/dependency_links.txt
[1.153s] writing entry points to ../../build/rangefinder_pkg/rangefinder_pkg.egg-info/entry_points.txt
[1.153s] writing requirements to ../../build/rangefinder_pkg/rangefinder_pkg.egg-info/requires.txt
[1.153s] writing top-level names to ../../build/rangefinder_pkg/rangefinder_pkg.egg-info/top_level.txt
[1.153s] writing manifest file '../../build/rangefinder_pkg/rangefinder_pkg.egg-info/SOURCES.txt'
[1.183s] reading manifest file '../../build/rangefinder_pkg/rangefinder_pkg.egg-info/SOURCES.txt'
[1.184s] writing manifest file '../../build/rangefinder_pkg/rangefinder_pkg.egg-info/SOURCES.txt'
[1.184s] running build
[1.184s] running build_py
[1.184s] creating /home/dronedev/lidar_ws/build/rangefinder_pkg/build
[1.184s] creating /home/dronedev/lidar_ws/build/rangefinder_pkg/build/lib
[1.185s] creating /home/dronedev/lidar_ws/build/rangefinder_pkg/build/lib/rangefinder_pkg
[1.185s] copying rangefinder_pkg/rangefinder_sdk.py -> /home/dronedev/lidar_ws/build/rangefinder_pkg/build/lib/rangefinder_pkg
[1.185s] copying rangefinder_pkg/__init__.py -> /home/dronedev/lidar_ws/build/rangefinder_pkg/build/lib/rangefinder_pkg
[1.185s] running install
[1.189s] running install_lib
[1.201s] creating /home/dronedev/lidar_ws/install/rangefinder_pkg/lib/python3.10/site-packages/rangefinder_pkg
[1.201s] copying /home/dronedev/lidar_ws/build/rangefinder_pkg/build/lib/rangefinder_pkg/rangefinder_sdk.py -> /home/dronedev/lidar_ws/install/rangefinder_pkg/lib/python3.10/site-packages/rangefinder_pkg
[1.201s] copying /home/dronedev/lidar_ws/build/rangefinder_pkg/build/lib/rangefinder_pkg/__init__.py -> /home/dronedev/lidar_ws/install/rangefinder_pkg/lib/python3.10/site-packages/rangefinder_pkg
[1.202s] byte-compiling /home/dronedev/lidar_ws/install/rangefinder_pkg/lib/python3.10/site-packages/rangefinder_pkg/rangefinder_sdk.py to rangefinder_sdk.cpython-310.pyc
[1.203s] byte-compiling /home/dronedev/lidar_ws/install/rangefinder_pkg/lib/python3.10/site-packages/rangefinder_pkg/__init__.py to __init__.cpython-310.pyc
[1.203s] running install_data
[1.203s] copying package.xml -> /home/dronedev/lidar_ws/install/rangefinder_pkg/share/rangefinder_pkg
[1.203s] creating /home/dronedev/lidar_ws/install/rangefinder_pkg/share/rangefinder_pkg/launch
[1.203s] error: can't copy 'launch/lidar_driver_launch.py': doesn't exist or not a regular file
[1.228s] Invoked command in '/home/dronedev/lidar_ws/src/rangefinder_pkg' returned '1': PYTHONPATH=/home/dronedev/lidar_ws/build/rangefinder_pkg/prefix_override:/usr/lib/python3/dist-packages/colcon_core/task/python/colcon_distutils_commands:/home/dronedev/lidar_ws/install/rangefinder_pkg/lib/python3.10/site-packages:${PYTHONPATH} /usr/bin/python3 -W ignore:setup.py install is deprecated -W ignore:easy_install command is deprecated setup.py egg_info --egg-base ../../build/rangefinder_pkg build --build-base /home/dronedev/lidar_ws/build/rangefinder_pkg/build install --record /home/dronedev/lidar_ws/build/rangefinder_pkg/install.log --single-version-externally-managed install_data
